2025.08.24 11:19:36 INFO  tracing is disabled for protocol LSP, to enable tracing of incoming and outgoing JSON messages create an empty file at /home/mauro/project/microservice_springboot/server1/.metals/lsp.trace.json or /home/mauro/.cache/metals/lsp.trace.json[0m
2025.08.24 11:19:37 INFO  logging to file /home/mauro/project/microservice_springboot/server1/.metals/metals.log[0m
2025.08.24 11:19:37 INFO  Started: Metals version 0.11.2 in workspace '/home/mauro/project/microservice_springboot/server1' for client coc.nvim 0.0.82.[0m
2025.08.24 11:19:37 INFO  Parse release: 17.0.15[0m
2025.08.24 11:19:39 INFO  time: initialize in 2.5s[0m
2025.08.24 11:19:40 WARN  Build server is not auto-connectable.[0m
2025.08.24 15:14:16 INFO  tracing is disabled for protocol LSP, to enable tracing of incoming and outgoing JSON messages create an empty file at /home/mauro/project/microservice_springboot/server1/.metals/lsp.trace.json or /home/mauro/.cache/metals/lsp.trace.json[0m
2025.08.24 15:14:17 INFO  logging to file /home/mauro/project/microservice_springboot/server1/.metals/metals.log[0m
2025.08.24 15:14:17 INFO  Started: Metals version 0.11.2 in workspace '/home/mauro/project/microservice_springboot/server1' for client coc.nvim 0.0.82.[0m
2025.08.24 15:14:17 INFO  Parse release: 17.0.15[0m
2025.08.24 15:14:19 INFO  time: initialize in 2.54s[0m
2025.08.24 15:14:20 WARN  Build server is not auto-connectable.[0m
2025.08.24 15:14:20 INFO  skipping build import with status 'Requested'[0m
2025.08.27 14:21:23 INFO  tracing is disabled for protocol LSP, to enable tracing of incoming and outgoing JSON messages create an empty file at /home/mauro/project/microservice_springboot/server1/.metals/lsp.trace.json or /home/mauro/.cache/metals/lsp.trace.json[0m
2025.08.27 14:21:24 INFO  logging to file /home/mauro/project/microservice_springboot/server1/.metals/metals.log[0m
2025.08.27 14:21:24 INFO  Started: Metals version 0.11.2 in workspace '/home/mauro/project/microservice_springboot/server1' for client coc.nvim 0.0.82.[0m
2025.08.27 14:21:24 INFO  Parse release: 17.0.15[0m
2025.08.27 14:21:26 INFO  time: initialize in 2.03s[0m
2025.08.27 14:21:26 WARN  Build server is not auto-connectable.[0m
2025.08.27 14:21:26 INFO  skipping build import with status 'Requested'[0m
2025.09.02 10:07:56 INFO  tracing is disabled for protocol LSP, to enable tracing of incoming and outgoing JSON messages create an empty file at /home/mauro/project/microservice_springboot/server1/.metals/lsp.trace.json or /home/mauro/.cache/metals/lsp.trace.json[0m
2025.09.02 10:07:57 INFO  logging to file /home/mauro/project/microservice_springboot/server1/.metals/metals.log[0m
2025.09.02 10:07:57 INFO  Started: Metals version 0.11.2 in workspace '/home/mauro/project/microservice_springboot/server1' for client coc.nvim 0.0.82.[0m
2025.09.02 10:07:57 INFO  Parse release: 17.0.15[0m
2025.09.02 10:08:00 INFO  time: initialize in 3.09s[0m
2025.09.02 10:08:01 WARN  Build server is not auto-connectable.[0m
2025.09.02 11:24:38 INFO  tracing is disabled for protocol LSP, to enable tracing of incoming and outgoing JSON messages create an empty file at /home/mauro/project/microservice_springboot/server1/.metals/lsp.trace.json or /home/mauro/.cache/metals/lsp.trace.json[0m
2025.09.02 11:24:39 INFO  logging to file /home/mauro/project/microservice_springboot/server1/.metals/metals.log[0m
2025.09.02 11:24:39 INFO  Started: Metals version 0.11.2 in workspace '/home/mauro/project/microservice_springboot/server1' for client coc.nvim 0.0.82.[0m
2025.09.02 11:24:39 INFO  Parse release: 17.0.15[0m
2025.09.02 11:24:42 INFO  time: initialize in 3.06s[0m
2025.09.02 11:24:43 WARN  Build server is not auto-connectable.[0m
2025.09.02 11:24:43 INFO  skipping build import with status 'Requested'[0m
2025.09.03 13:34:18 INFO  tracing is disabled for protocol LSP, to enable tracing of incoming and outgoing JSON messages create an empty file at /home/mauro/project/microservice_springboot/server1/.metals/lsp.trace.json or /home/mauro/.cache/metals/lsp.trace.json[0m
2025.09.03 13:34:19 INFO  logging to file /home/mauro/project/microservice_springboot/server1/.metals/metals.log[0m
2025.09.03 13:34:19 INFO  Started: Metals version 0.11.2 in workspace '/home/mauro/project/microservice_springboot/server1' for client coc.nvim 0.0.82.[0m
2025.09.03 13:34:19 INFO  Parse release: 17.0.15[0m
2025.09.03 13:34:22 INFO  time: initialize in 2.72s[0m
2025.09.03 13:34:25 WARN  Build server is not auto-connectable.[0m
2025.09.03 13:34:25 INFO  skipping build import with status 'Requested'[0m
